
Thu Jun  7 00:25:21 PDT 2018

FAIL 3 11 + : expected 14, got [ one, two, three, four, five ]
FAIL 3 11 5 + - : expected -13, got [ one, two, three, four, five ]
FAIL 3 11 + 5 - : expected 9, got [ one, two, three, four, five ]
FAIL 2 3 11 + 5 - * : expected 18, got [ one, two, three, four, five ]
FAIL 9 5 3 + 2 4 ^ - + : expected 1, got [ one, two, three, four, five ]
FAIL 5 2 3 ^ + : expected 13, got [ one, two, three, four, five ]
FAIL 3 2 * 11 - : expected -5, got [ one, two, three, four, five ]
FAIL 2 1 12 3 / - + : expected -1, got [ one, two, three, four, five ]
FAIL 6 3 - 2 ^ 11 - : expected -2, got [ one, two, three, four, five ]
FAIL 6 3 2 ^ - 11 - : expected -14, got [ one, two, three, four, five ]
FAIL 162 2 1 + 4 ^ / : expected 2, got [ one, two, three, four, five ]
FAIL 15 7 1 1 + - / 3 * 2 1 1 + + - : expected 5, got [ one, two, three, four, five ]

RpncJS:  0/12 0%

FAIL 3 11 + : expected 14, got not implemented
FAIL 3 11 5 + - : expected -13, got not implemented
FAIL 3 11 + 5 - : expected 9, got not implemented
FAIL 2 3 11 + 5 - * : expected 18, got not implemented
FAIL 9 5 3 + 2 4 ^ - + : expected 1, got not implemented
FAIL 5 2 3 ^ + : expected 13, got not implemented
FAIL 3 2 * 11 - : expected -5, got not implemented
FAIL 2 1 12 3 / - + : expected -1, got not implemented
FAIL 6 3 - 2 ^ 11 - : expected -2, got not implemented
FAIL 6 3 2 ^ - 11 - : expected -14, got not implemented
FAIL 162 2 1 + 4 ^ / : expected 2, got not implemented
FAIL 15 7 1 1 + - / 3 * 2 1 1 + + - : expected 5, got not implemented

RpncAWK:  0/12 0%

