Numbers: 1,000 Lists: 1 Cores: 12 Resends: FALSE Lasts: FALSE
Generating 1,000 random numbers... 
Generating expected results... 
Generate time: 0.00506461 seconds
CruzID: ashen7
Running INTERNAL RadixServer on port 10160 with 12 cores
Running STUDENT  RadixClient
Elapsed time: 0.005955 seconds
Comparing results... 
List 0 PASS
Numbers: 1,000 Lists: 1 Cores: 12 Resends: FALSE Lasts: FALSE
Generating 1,000 random numbers... 
Generating expected results... 
Generate time: 0.006377 seconds
CruzID: ashen7
Running STUDENT  RadixServer on port 10161 with 12 cores
Running INTERNAL RadixClient
Elapsed time: 0.210808 seconds
Comparing results... 
List 0 PASS
Numbers: 1,000 Lists: 2 Cores: 12 Resends: FALSE Lasts: FALSE
Generating 2,000 random numbers... 
Generating expected results... 
Generate time: 0.0061574 seconds
CruzID: ashen7
Running INTERNAL RadixServer on port 10160 with 12 cores
Running STUDENT  RadixClient
Elapsed time: 0.010799 seconds
Comparing results... 
List 0 PASS
List 1 PASS
Numbers: 1,000 Lists: 2 Cores: 12 Resends: FALSE Lasts: FALSE
Generating 2,000 random numbers... 
Generating expected results... 
Generate time: 0.007591 seconds
CruzID: ashen7
Running STUDENT  RadixServer on port 10161 with 12 cores
Running INTERNAL RadixClient
Elapsed time: 0.421186 seconds
Comparing results... 
List 0 PASS
List 1 PASS
Numbers: 1,000 Lists: 4 Cores: 12 Resends: FALSE Lasts: FALSE
Generating 4,000 random numbers... 
Generating expected results... 
Generate time: 0.00787346 seconds
CruzID: ashen7
Running INTERNAL RadixServer on port 10160 with 12 cores
Running STUDENT  RadixClient
Elapsed time: 0.025359 seconds
Comparing results... 
List 0 PASS
List 1 PASS
List 2 PASS
List 3 PASS
Numbers: 1,000 Lists: 4 Cores: 12 Resends: FALSE Lasts: FALSE
Generating 4,000 random numbers... 
Generating expected results... 
Generate time: 0.009274 seconds
CruzID: ashen7
Running STUDENT  RadixServer on port 10161 with 12 cores
Running INTERNAL RadixClient
Elapsed time: 0.841932 seconds
Comparing results... 
List 0 PASS
List 1 PASS
List 2 PASS
List 3 PASS

               Basic:   14/14   100.0%

Numbers: 1,000 Lists: 1 Cores: 12 Resends: TRUE Lasts: FALSE
Generating 1,000 random numbers... 
Generating expected results... 
Generate time: 0.00481369 seconds
CruzID: ashen7
Running INTERNAL RadixServer on port 10160 with 12 cores
Running STUDENT  RadixClient
Elapsed time: 0.007323 seconds
Comparing results... 
List 0 FAIL
Numbers: 1,000 Lists: 1 Cores: 12 Resends: TRUE Lasts: FALSE
Generating 1,000 random numbers... 
Generating expected results... 
Generate time: 0.005505 seconds
CruzID: ashen7
Running STUDENT  RadixServer on port 10161 with 12 cores
Running INTERNAL RadixClient
Elapsed time: 0.210751 seconds
Comparing results... 
List 0 FAIL
Numbers: 1,000 Lists: 2 Cores: 12 Resends: TRUE Lasts: FALSE
Generating 2,000 random numbers... 
Generating expected results... 
Generate time: 0.0070043 seconds
CruzID: ashen7
Running INTERNAL RadixServer on port 10160 with 12 cores
Running STUDENT  RadixClient
Elapsed time: 0.012163 seconds
Comparing results... 
List 0 FAIL
List 1 PASS
Numbers: 1,000 Lists: 2 Cores: 12 Resends: TRUE Lasts: FALSE
Generating 2,000 random numbers... 
Generating expected results... 
Generate time: 0.007706 seconds
CruzID: ashen7
Running STUDENT  RadixServer on port 10161 with 12 cores
Running INTERNAL RadixClient
Elapsed time: 0.423466 seconds
Comparing results... 
List 0 FAIL
List 1 PASS
Numbers: 1,000 Lists: 4 Cores: 12 Resends: TRUE Lasts: FALSE
Generating 4,000 random numbers... 
Generating expected results... 
Generate time: 0.00912087 seconds
CruzID: ashen7
Running INTERNAL RadixServer on port 10160 with 12 cores
Running STUDENT  RadixClient
Elapsed time: 0.024265 seconds
Comparing results... 
List 0 FAIL
List 1 PASS
List 2 PASS
List 3 PASS
Numbers: 1,000 Lists: 4 Cores: 12 Resends: TRUE Lasts: FALSE
Generating 4,000 random numbers... 
Generating expected results... 
Generate time: 0.007147 seconds
CruzID: ashen7
Running STUDENT  RadixServer on port 10161 with 12 cores
Running INTERNAL RadixClient
Elapsed time: 0.841932 seconds
Comparing results... 
List 0 FAIL
List 1 PASS
List 2 PASS
List 3 PASS

            Advanced:    8/14    57.0%

Numbers: 1,000 Lists: 1 Cores: 12 Resends: FALSE Lasts: TRUE
Generating 1,000 random numbers... 
Generating expected results... 
Generate time: 0.0047431 seconds
CruzID: ashen7
Running INTERNAL RadixServer on port 10160 with 12 cores
Running STUDENT  RadixClient
TIMEOUT after 30 seconds!
Numbers: 1,000 Lists: 2 Cores: 12 Resends: FALSE Lasts: TRUE
Generating 2,000 random numbers... 
Generating expected results... 
Generate time: 0.00682256 seconds
CruzID: ashen7
Running INTERNAL RadixServer on port 10160 with 12 cores
Running STUDENT  RadixClient
TIMEOUT after 30 seconds!
Numbers: 1,000 Lists: 4 Cores: 12 Resends: FALSE Lasts: TRUE
Generating 4,000 random numbers... 
Generating expected results... 
Generate time: 0.00919035 seconds
CruzID: ashen7
Running INTERNAL RadixServer on port 10160 with 12 cores
Running STUDENT  RadixClient
TIMEOUT after 30 seconds!

             Stretch:    0/14     0.0%

Numbers: 1,000 Lists: 1 Cores: 12 Resends: TRUE Lasts: TRUE
Generating 1,000 random numbers... 
Generating expected results... 
Generate time: 0.00372746 seconds
CruzID: ashen7
Running INTERNAL RadixServer on port 10160 with 12 cores
Running STUDENT  RadixClient
TIMEOUT after 30 seconds!
Numbers: 1,000 Lists: 2 Cores: 12 Resends: TRUE Lasts: TRUE
Generating 2,000 random numbers... 
Generating expected results... 
Generate time: 0.00363919 seconds
CruzID: ashen7
Running INTERNAL RadixServer on port 10160 with 12 cores
Running STUDENT  RadixClient
TIMEOUT after 30 seconds!
Numbers: 1,000 Lists: 4 Cores: 12 Resends: TRUE Lasts: TRUE
Generating 4,000 random numbers... 
Generating expected results... 
Generate time: 0.00830897 seconds
CruzID: ashen7
Running INTERNAL RadixServer on port 10160 with 12 cores
Running STUDENT  RadixClient
TIMEOUT after 30 seconds!

             Extreme:    0/14     0.0%

