Numbers: 1,000 Lists: 1 Cores: 12 Resends: FALSE Lasts: FALSE
Generating 1,000 random numbers... 
Generating expected results... 
Generate time: 0.0055918 seconds
CruzID: ashen7
Running INTERNAL RadixServer on port 10160 with 12 cores
Running STUDENT  RadixClient
****** get out of for &l : list NOW.
Elapsed time: 0.000819 seconds
Comparing results... 
List 0 FAIL
Numbers: 1,000 Lists: 1 Cores: 12 Resends: FALSE Lasts: FALSE
Generating 1,000 random numbers... 
Generating expected results... 
Generate time: 0.004452 seconds
CruzID: ashen7
Running STUDENT  RadixServer on port 10161 with 12 cores
Numbers: 1,000 Lists: 2 Cores: 12 Resends: FALSE Lasts: FALSE
Generating 2,000 random numbers... 
Generating expected results... 
Generate time: 0.0068938 seconds
CruzID: ashen7
Running INTERNAL RadixServer on port 10160 with 12 cores
Running STUDENT  RadixClient
****** get out of for &l : list NOW.
****** get out of for &l : list NOW.
Elapsed time: 0.000702 seconds
Comparing results... 
List 0 FAIL
List 1 FAIL
Numbers: 1,000 Lists: 2 Cores: 12 Resends: FALSE Lasts: FALSE
Generating 2,000 random numbers... 
Generating expected results... 
Generate time: 0.006541 seconds
CruzID: ashen7
Running STUDENT  RadixServer on port 10161 with 12 cores
Numbers: 1,000 Lists: 4 Cores: 12 Resends: FALSE Lasts: FALSE
Generating 4,000 random numbers... 
Generating expected results... 
Generate time: 0.00613871 seconds
CruzID: ashen7
Running INTERNAL RadixServer on port 10160 with 12 cores
Running STUDENT  RadixClient
****** get out of for &l : list NOW.
****** get out of for &l : list NOW.
****** get out of for &l : list NOW.
****** get out of for &l : list NOW.
Elapsed time: 0.000959 seconds
Comparing results... 
List 0 FAIL
List 1 FAIL
List 2 FAIL
List 3 FAIL
Numbers: 1,000 Lists: 4 Cores: 12 Resends: FALSE Lasts: FALSE
Generating 4,000 random numbers... 
Generating expected results... 
Generate time: 0.008230 seconds
CruzID: ashen7
Running STUDENT  RadixServer on port 10161 with 12 cores
