Numbers: 99999 Lists: 1 Cores: 1
Generating expected results... 
Generate time: 1.26504 seconds
Creating RadixSort with 1 cores
Running RadixSort.msd()... 
Numbers: 99999 Lists: 2 Cores: 1
Generating expected results... 
Generate time: 1.47329 seconds
Creating RadixSort with 1 cores
Running RadixSort.msd()... 
Numbers: 99999 Lists: 2 Cores: 2
Generating expected results... 
Generate time: 1.48489 seconds
Creating RadixSort with 2 cores
Running RadixSort.msd()... 
Numbers: 99999 Lists: 3 Cores: 1
Generating expected results... 
Generate time: 1.13701 seconds
Creating RadixSort with 1 cores
Running RadixSort.msd()... 
Numbers: 99999 Lists: 3 Cores: 2
Generating expected results... 
Generate time: 1.40736 seconds
Creating RadixSort with 2 cores
Running RadixSort.msd()... 
Numbers: 99999 Lists: 3 Cores: 3
Generating expected results... 
Generate time: 1.42294 seconds
Creating RadixSort with 3 cores
Running RadixSort.msd()... 
Numbers: 99999 Lists: 4 Cores: 1
Generating expected results... 
Generate time: 2.29093 seconds
Creating RadixSort with 1 cores
Running RadixSort.msd()... 
Numbers: 99999 Lists: 4 Cores: 2
Generating expected results... 
Generate time: 1.91735 seconds
Creating RadixSort with 2 cores
Running RadixSort.msd()... 
Numbers: 99999 Lists: 4 Cores: 3
Generating expected results... 
Generate time: 1.84985 seconds
Creating RadixSort with 3 cores
Running RadixSort.msd()... 
Numbers: 99999 Lists: 4 Cores: 4
Generating expected results... 
Generate time: 1.38373 seconds
Creating RadixSort with 4 cores
Running RadixSort.msd()... 

               Tests:    0/  0     0.0%

