
PASS Circles-inside-CircleT
PASS Circles-inside-CircleT
PASS Circles-inside-CircleT
PASS Circles-inside-CircleT
PASS Circles-inside-CircleF
PASS Circles-inside-CircleF
PASS Circles-inside-CircleF
PASS Circles-inside-CircleF
PASS Triangle-in-Circle
PASS Triangle-in-Circle
PASS Triangle-in-Circle
PASS Triangle-in-Circle
PASS Squares-in-Circle
PASS Squares-in-Circle
PASS Squares-in-Circle
PASS Squares-in-Circle
PASS Hexagon-in-Circle
PASS Circle-in-TriangleT
PASS Circle-in-TriangleT
PASS Circle-in-TriangleT
PASS Circle-in-TriangleT
PASS Circle-in-TriangleF
PASS Circle-in-TriangleF
PASS Circle-in-TriangleF
PASS Circle-in-TriangleF
PASS Circle-in-Hexagon
PASS Circle-in-Hexagon
PASS Circle-in-Hexagon
PASS Circle-in-Hexagon
PASS Squares-inside-Square
PASS Squares-inside-Square
PASS Squares-inside-Square
PASS Squares-inside-Square

               Tests:   33/ 33   100.0%

