Numbers: 500,000 Lists: 1 Cores: 12
Generating 500,000 random numbers... 
Generating expected results... 
Generate time: 1.30763 seconds
Running ParallelRadixSort::msd() with 12 cores
Elapsed time: 0.000000 seconds
Comparing results... 
List 0 FAIL
Numbers: 500,000 Lists: 2 Cores: 12
Generating 1,000,000 random numbers... 
Generating expected results... 
Generate time: 1.49398 seconds
Running ParallelRadixSort::msd() with 12 cores
Elapsed time: 0.000000 seconds
Comparing results... 
List 0 FAIL
List 1 FAIL
Numbers: 500,000 Lists: 3 Cores: 12
Generating 1,500,000 random numbers... 
Generating expected results... 
Generate time: 1.69972 seconds
Running ParallelRadixSort::msd() with 12 cores
Elapsed time: 0.000000 seconds
Comparing results... 
List 0 FAIL
List 1 FAIL
List 2 FAIL
