Numbers: 100,000 Lists: 1 Cores: 4
Generating 100,000 random numbers... 
Generating expected results... 
Generate time: 0.243591 seconds
CruzID: ashen7
Running INTERNAL RadixServer on port 10160 with 4 cores
Running STUDENT  RadixClient
Elapsed time: 0.000017 seconds
Comparing results... 
List 0 FAIL
Numbers: 100,000 Lists: 1 Cores: 4
Generating 100,000 random numbers... 
Generating expected results... 
Generate time: 0.235432 seconds
CruzID: ashen7
Running STUDENT  RadixServer on port 10161 with 4 cores
Running INTERNAL RadixClient
Numbers: 100,000 Lists: 1 Cores: 8
Generating 100,000 random numbers... 
Generating expected results... 
Generate time: 0.253714 seconds
CruzID: ashen7
Running INTERNAL RadixServer on port 10160 with 8 cores
Running STUDENT  RadixClient
Elapsed time: 0.000014 seconds
Comparing results... 
List 0 FAIL
Numbers: 100,000 Lists: 1 Cores: 8
Generating 100,000 random numbers... 
Generating expected results... 
Generate time: 0.261754 seconds
CruzID: ashen7
Running STUDENT  RadixServer on port 10161 with 8 cores
Running INTERNAL RadixClient
